0 info it worked if it ends with ok
1 verbose cli [ '/usr/local/bin/node', '/usr/local/bin/npm', 'publish' ]
2 info using npm@1.3.14
3 info using node@v0.10.22
4 verbose publish [ '.' ]
5 verbose cache add [ '.', null ]
6 verbose cache add name=undefined spec="." args=[".",null]
7 verbose parsed url { protocol: null,
7 verbose parsed url   slashes: null,
7 verbose parsed url   auth: null,
7 verbose parsed url   host: null,
7 verbose parsed url   port: null,
7 verbose parsed url   hostname: null,
7 verbose parsed url   hash: null,
7 verbose parsed url   search: null,
7 verbose parsed url   query: null,
7 verbose parsed url   pathname: '.',
7 verbose parsed url   path: '.',
7 verbose parsed url   href: '.' }
8 silly lockFile 3a52ce78- .
9 verbose lock . /Users/andineck/.npm/3a52ce78-.lock
10 verbose tar pack [ '/var/folders/qh/f9q_t2rx3bd1rpp8qrlpbsr80000gn/T/npm-23283-iRXXEOO4/1386750176785-0.5872483744751662/tmp.tgz',
10 verbose tar pack   '.' ]
11 verbose tarball /var/folders/qh/f9q_t2rx3bd1rpp8qrlpbsr80000gn/T/npm-23283-iRXXEOO4/1386750176785-0.5872483744751662/tmp.tgz
12 verbose folder .
13 info prepublish connect-livereload@0.3.1
14 silly lockFile 1f1177db-tar tar://.
15 verbose lock tar://. /Users/andineck/.npm/1f1177db-tar.lock
16 silly lockFile d671ee6c-76785-0-5872483744751662-tmp-tgz tar:///var/folders/qh/f9q_t2rx3bd1rpp8qrlpbsr80000gn/T/npm-23283-iRXXEOO4/1386750176785-0.5872483744751662/tmp.tgz
17 verbose lock tar:///var/folders/qh/f9q_t2rx3bd1rpp8qrlpbsr80000gn/T/npm-23283-iRXXEOO4/1386750176785-0.5872483744751662/tmp.tgz /Users/andineck/.npm/d671ee6c-76785-0-5872483744751662-tmp-tgz.lock
18 silly lockFile 1f1177db-tar tar://.
19 silly lockFile 1f1177db-tar tar://.
20 silly lockFile d671ee6c-76785-0-5872483744751662-tmp-tgz tar:///var/folders/qh/f9q_t2rx3bd1rpp8qrlpbsr80000gn/T/npm-23283-iRXXEOO4/1386750176785-0.5872483744751662/tmp.tgz
21 silly lockFile d671ee6c-76785-0-5872483744751662-tmp-tgz tar:///var/folders/qh/f9q_t2rx3bd1rpp8qrlpbsr80000gn/T/npm-23283-iRXXEOO4/1386750176785-0.5872483744751662/tmp.tgz
22 verbose tar unpack /var/folders/qh/f9q_t2rx3bd1rpp8qrlpbsr80000gn/T/npm-23283-iRXXEOO4/1386750176785-0.5872483744751662/tmp.tgz
23 silly lockFile 53ffa208-76785-0-5872483744751662-package tar:///var/folders/qh/f9q_t2rx3bd1rpp8qrlpbsr80000gn/T/npm-23283-iRXXEOO4/1386750176785-0.5872483744751662/package
24 verbose lock tar:///var/folders/qh/f9q_t2rx3bd1rpp8qrlpbsr80000gn/T/npm-23283-iRXXEOO4/1386750176785-0.5872483744751662/package /Users/andineck/.npm/53ffa208-76785-0-5872483744751662-package.lock
25 silly lockFile d671ee6c-76785-0-5872483744751662-tmp-tgz tar:///var/folders/qh/f9q_t2rx3bd1rpp8qrlpbsr80000gn/T/npm-23283-iRXXEOO4/1386750176785-0.5872483744751662/tmp.tgz
26 verbose lock tar:///var/folders/qh/f9q_t2rx3bd1rpp8qrlpbsr80000gn/T/npm-23283-iRXXEOO4/1386750176785-0.5872483744751662/tmp.tgz /Users/andineck/.npm/d671ee6c-76785-0-5872483744751662-tmp-tgz.lock
27 silly gunzTarPerm modes [ '755', '644' ]
28 silly gunzTarPerm extractEntry package.json
29 silly gunzTarPerm extractEntry .npmignore
30 silly gunzTarPerm extractEntry README.md
31 silly gunzTarPerm extractEntry LICENSE
32 silly gunzTarPerm extractEntry index.js
33 silly gunzTarPerm extractEntry .travis.yml
34 silly lockFile 53ffa208-76785-0-5872483744751662-package tar:///var/folders/qh/f9q_t2rx3bd1rpp8qrlpbsr80000gn/T/npm-23283-iRXXEOO4/1386750176785-0.5872483744751662/package
35 silly lockFile 53ffa208-76785-0-5872483744751662-package tar:///var/folders/qh/f9q_t2rx3bd1rpp8qrlpbsr80000gn/T/npm-23283-iRXXEOO4/1386750176785-0.5872483744751662/package
36 silly lockFile d671ee6c-76785-0-5872483744751662-tmp-tgz tar:///var/folders/qh/f9q_t2rx3bd1rpp8qrlpbsr80000gn/T/npm-23283-iRXXEOO4/1386750176785-0.5872483744751662/tmp.tgz
37 silly lockFile d671ee6c-76785-0-5872483744751662-tmp-tgz tar:///var/folders/qh/f9q_t2rx3bd1rpp8qrlpbsr80000gn/T/npm-23283-iRXXEOO4/1386750176785-0.5872483744751662/tmp.tgz
38 verbose tar pack [ '/Users/andineck/.npm/connect-livereload/0.3.1/package.tgz',
38 verbose tar pack   '/var/folders/qh/f9q_t2rx3bd1rpp8qrlpbsr80000gn/T/npm-23283-iRXXEOO4/1386750176785-0.5872483744751662/package' ]
39 verbose tarball /Users/andineck/.npm/connect-livereload/0.3.1/package.tgz
40 verbose folder /var/folders/qh/f9q_t2rx3bd1rpp8qrlpbsr80000gn/T/npm-23283-iRXXEOO4/1386750176785-0.5872483744751662/package
41 silly lockFile 53ffa208-76785-0-5872483744751662-package tar:///var/folders/qh/f9q_t2rx3bd1rpp8qrlpbsr80000gn/T/npm-23283-iRXXEOO4/1386750176785-0.5872483744751662/package
42 verbose lock tar:///var/folders/qh/f9q_t2rx3bd1rpp8qrlpbsr80000gn/T/npm-23283-iRXXEOO4/1386750176785-0.5872483744751662/package /Users/andineck/.npm/53ffa208-76785-0-5872483744751662-package.lock
43 silly lockFile 515771e0-ect-livereload-0-3-1-package-tgz tar:///Users/andineck/.npm/connect-livereload/0.3.1/package.tgz
44 verbose lock tar:///Users/andineck/.npm/connect-livereload/0.3.1/package.tgz /Users/andineck/.npm/515771e0-ect-livereload-0-3-1-package-tgz.lock
45 silly lockFile 53ffa208-76785-0-5872483744751662-package tar:///var/folders/qh/f9q_t2rx3bd1rpp8qrlpbsr80000gn/T/npm-23283-iRXXEOO4/1386750176785-0.5872483744751662/package
46 silly lockFile 53ffa208-76785-0-5872483744751662-package tar:///var/folders/qh/f9q_t2rx3bd1rpp8qrlpbsr80000gn/T/npm-23283-iRXXEOO4/1386750176785-0.5872483744751662/package
47 silly lockFile 515771e0-ect-livereload-0-3-1-package-tgz tar:///Users/andineck/.npm/connect-livereload/0.3.1/package.tgz
48 silly lockFile 515771e0-ect-livereload-0-3-1-package-tgz tar:///Users/andineck/.npm/connect-livereload/0.3.1/package.tgz
49 silly lockFile 0b645326-connect-livereload-0-3-1-package /Users/andineck/.npm/connect-livereload/0.3.1/package
50 verbose lock /Users/andineck/.npm/connect-livereload/0.3.1/package /Users/andineck/.npm/0b645326-connect-livereload-0-3-1-package.lock
51 silly lockFile 0b645326-connect-livereload-0-3-1-package /Users/andineck/.npm/connect-livereload/0.3.1/package
52 silly lockFile 0b645326-connect-livereload-0-3-1-package /Users/andineck/.npm/connect-livereload/0.3.1/package
53 verbose tar unpack /Users/andineck/.npm/connect-livereload/0.3.1/package.tgz
54 silly lockFile 522ffb45-connect-livereload-0-3-1-package tar:///Users/andineck/.npm/connect-livereload/0.3.1/package
55 verbose lock tar:///Users/andineck/.npm/connect-livereload/0.3.1/package /Users/andineck/.npm/522ffb45-connect-livereload-0-3-1-package.lock
56 silly lockFile 515771e0-ect-livereload-0-3-1-package-tgz tar:///Users/andineck/.npm/connect-livereload/0.3.1/package.tgz
57 verbose lock tar:///Users/andineck/.npm/connect-livereload/0.3.1/package.tgz /Users/andineck/.npm/515771e0-ect-livereload-0-3-1-package-tgz.lock
58 silly gunzTarPerm modes [ '755', '644' ]
59 silly gunzTarPerm extractEntry package.json
60 silly gunzTarPerm extractEntry .npmignore
61 silly gunzTarPerm extractEntry README.md
62 silly gunzTarPerm extractEntry LICENSE
63 silly gunzTarPerm extractEntry index.js
64 silly gunzTarPerm extractEntry .travis.yml
65 silly lockFile 522ffb45-connect-livereload-0-3-1-package tar:///Users/andineck/.npm/connect-livereload/0.3.1/package
66 silly lockFile 522ffb45-connect-livereload-0-3-1-package tar:///Users/andineck/.npm/connect-livereload/0.3.1/package
67 silly lockFile 515771e0-ect-livereload-0-3-1-package-tgz tar:///Users/andineck/.npm/connect-livereload/0.3.1/package.tgz
68 silly lockFile 515771e0-ect-livereload-0-3-1-package-tgz tar:///Users/andineck/.npm/connect-livereload/0.3.1/package.tgz
69 verbose chmod /Users/andineck/.npm/connect-livereload/0.3.1/package.tgz 644
70 verbose chown /Users/andineck/.npm/connect-livereload/0.3.1/package.tgz [ 501, 20 ]
71 silly lockFile 3a52ce78- .
72 silly lockFile 3a52ce78- .
73 silly publish { name: 'connect-livereload',
73 silly publish   description: 'connect middleware for adding the livereload script to the response',
73 silly publish   version: '0.3.1',
73 silly publish   author: { name: 'Andi Neck', email: 'andi.neck@intesso.com' },
73 silly publish   contributors: [ { name: 'Andi Neck', email: 'andi.neck@intesso.com' } ],
73 silly publish   dependencies: {},
73 silly publish   devDependencies: { express: '~3.2.2', supertest: '~0.6.0', mocha: '~1.9.0' },
73 silly publish   keywords: [ 'connect', 'livereload', 'live-reload' ],
73 silly publish   repository:
73 silly publish    { type: 'git',
73 silly publish      url: 'git://github.com/intesso/connect-livereload' },
73 silly publish   main: 'index',
73 silly publish   engines: { node: '*' },
73 silly publish   readme: 'connect-livereload\n==================\nconnect middleware for adding the livereload script to the response.\nno browser plugin is needed.\nif you are happy with a browser plugin, then you don\'t need this middleware.\n\n[![Build Status](https://travis-ci.org/intesso/connect-livereload.png)](https://travis-ci.org/intesso/connect-livereload)\n[![NPM version](https://badge.fury.io/js/connect-livereload.png)](http://badge.fury.io/js/connect-livereload)\ninstall\n=======\n```bash\nnpm install connect-livereload --save-dev\n```\n\nuse\n===\nnote: if you use this middleware, you should make sure to switch off the Browser LiveReload Extension if you have it installed.\n\nthis middleware can be used with a LiveReload server e.g. [grunt-reload](https://github.com/webxl/grunt-reload) or [grunt-contrib-watch](https://github.com/gruntjs/grunt-contrib-watch).\n\n`connect-livereload` itself does not serve the `livereload.js` script.\n\nIn your connect or express application add this after the static and before the dynamic routes.\nIf you need liveReload on static html files, then place it before the static routes.\n`ignore` gives you the possibility to ignore certain files or url\'s from being handled by `connect-livereload`.\n\n## connect/express example\n```javascript\n  app.use(require(\'connect-livereload\')({\n    port: 35729\n  }));\n```\n\nplease see the [examples](https://github.com/intesso/connect-livereload/tree/master/examples) for the app and Grunt configuration.\n\n## options\nOptions are not mandatory: `app.use(require(\'connect-livereload\')());`\nThe Options have to be provided when the middleware is loaded:\n\ne.g.:\n```\n  app.use(require(\'connect-livereload\')({\n    port: 35729,\n    ignore: [\'.js\', \'.svg\']\n  }));\n\n```\n\nThese are the available options with the following defaults:\n\n```javascript\n  // these files will be ignored\n  ignore: [\'.js\', \'.css\', \'.svg\', \'.ico\', \'.woff\', \'.png\', \'.jpg\', \'.jpeg\'],\n  \n  // this function is used to determine if the content of `res.write` or `res.end` is html.\n  html: function (str) {\n    return /<[:_-\\w\\s\\!\\/\\=\\"\\\']+>/i.test(str);\n  },\n  \n  // rules are provided to find the place where the snippet should be inserted.\n  // the main problem is that on the server side it can be tricky to determine if a string will be valid html on the client.\n  // the function `fn` of the first `match` is executed like this `body.replace(rule.match, rule.fn);`\n  // the function `fn` has got the arguments `fn(w, s)` where `w` is the matches string and `s` is the snippet.\n  rules: [{\n    match: /<\\/body>/,\n    fn: prepend\n  }, {\n    match: /<\\/html>/,\n    fn: prepend\n  }, {\n    match: /<\\!DOCTYPE.+>/,\n    fn: append\n  }],\n\n  // port where the script is loaded\n  port: 35729,\n\n  // location where the script is provided (not by connect-livereload). Change this e.g. when serving livereload with a proxy.\n  src: "http://localhost:35729/livereload.js?snipver=1", \n```\n\nplease see the [examples](https://github.com/intesso/connect-livereload/tree/master/examples) for the app and Grunt configuration.\n\n\n## grunt example\n\nThe following example is from an actual Gruntfile that uses [grunt-contrib-connect](https://github.com/gruntjs/grunt-contrib-connect)\n\n```javascript\nconnect: {\n  options: {\n    port: 3000,\n    hostname: \'localhost\'\n  },\n  dev: {\n    options: {\n      middleware: function (connect) {\n        return [\n          require(\'connect-livereload\')(), // <--- here\n          checkForDownload,\n          mountFolder(connect, \'.tmp\'),\n          mountFolder(connect, \'app\')\n        ];\n      }\n    }\n  }\n}\n```\nFor use as middleware in grunt simply add the following to the **top** of your array of middleware.\n\n```javascript\n  require(\'connect-livereload\')(),\n```\nYou can pass in options to this call if you do not want the defaults.\n\n`dev` is simply the name of the server being used with the task `grunt connect:dev`. The other items in the `middleware` array are all functions that either are of the form `function (req, res, next)` like `checkForDownload` or return that like `mountFolder(connect, \'something\')`.\n\nalternative\n===========\nAn alternative would be to install the [LiveReload browser plugin](https://chrome.google.com/webstore/detail/livereload/jnihajbhpnppcggbcgedagnkighmdlei).\n\n\ncredits\n=======\n* The middleware code is mainly extracted from: [grunt-contrib-livereload/util.js](https://github.com/gruntjs/grunt-contrib-livereload/blob/master/lib/utils.js)\n* [LiveReload Creator](http://livereload.com/)\n\ntests\n=====\nrun the tests with\n```\nmocha\n```\n\nlicense\n=======\n[MIT License](https://github.com/intesso/connect-livereload/blob/master/LICENSE)\n',
73 silly publish   readmeFilename: 'README.md',
73 silly publish   bugs: { url: 'https://github.com/intesso/connect-livereload/issues' },
73 silly publish   homepage: 'https://github.com/intesso/connect-livereload',
73 silly publish   _id: 'connect-livereload@0.3.1',
73 silly publish   dist: { shasum: 'e4622f8742eae86e0aa998785df888cd7ed443f0' },
73 silly publish   _from: '.' }
74 verbose url raw connect-livereload
75 verbose url resolving [ 'https://registry.npmjs.org/', './connect-livereload' ]
76 verbose url resolved https://registry.npmjs.org/connect-livereload
77 info trying registry request attempt 1 at 09:22:56
78 http PUT https://registry.npmjs.org/connect-livereload
79 http 409 https://registry.npmjs.org/connect-livereload
80 verbose url raw connect-livereload
81 verbose url resolving [ 'https://registry.npmjs.org/', './connect-livereload' ]
82 verbose url resolved https://registry.npmjs.org/connect-livereload
83 info trying registry request attempt 1 at 09:22:58
84 http GET https://registry.npmjs.org/connect-livereload
85 http 200 https://registry.npmjs.org/connect-livereload
86 verbose uploading [ 'connect-livereload/-/connect-livereload-0.3.1.tgz/-rev/19-40218a5a236182b7ca340b6939d4cd8e',
86 verbose uploading   '/Users/andineck/.npm/connect-livereload/0.3.1/package.tgz' ]
87 verbose url raw connect-livereload/-/connect-livereload-0.3.1.tgz/-rev/19-40218a5a236182b7ca340b6939d4cd8e
88 verbose url resolving [ 'https://registry.npmjs.org/',
88 verbose url resolving   './connect-livereload/-/connect-livereload-0.3.1.tgz/-rev/19-40218a5a236182b7ca340b6939d4cd8e' ]
89 verbose url resolved https://registry.npmjs.org/connect-livereload/-/connect-livereload-0.3.1.tgz/-rev/19-40218a5a236182b7ca340b6939d4cd8e
90 info trying registry request attempt 1 at 09:23:00
91 http PUT https://registry.npmjs.org/connect-livereload/-/connect-livereload-0.3.1.tgz/-rev/19-40218a5a236182b7ca340b6939d4cd8e
92 http 409 https://registry.npmjs.org/connect-livereload/-/connect-livereload-0.3.1.tgz/-rev/19-40218a5a236182b7ca340b6939d4cd8e
93 error publish fail Cannot publish over existing version.
93 error publish fail Update the 'version' field in package.json and try again.
93 error publish fail
93 error publish fail If the previous version was published in error, see:
93 error publish fail     npm help unpublish
93 error publish fail
93 error publish fail To automatically increment version numbers, see:
93 error publish fail     npm help version
94 error System Darwin 13.0.0
95 error command "/usr/local/bin/node" "/usr/local/bin/npm" "publish"
96 error cwd /Users/andineck/Development/github/connect-livereload
97 error node -v v0.10.22
98 error npm -v 1.3.14
99 error code EPUBLISHCONFLICT
100 verbose exit [ 1, true ]
